This is pdfTeX, Version 3.14159265-2.6-1.40.20 (TeX Live 2019/Debian) (preloaded format=pdflatex 2022.1.29)  13 MAR 2022 16:57
entering extended mode
 restricted \write18 enabled.
 %&-line parsing enabled.
**main.tex
(./main.tex
LaTeX2e <2020-02-02> patch level 2
L3 programming layer <2020-02-14>
(/usr/share/texlive/texmf-dist/tex/latex/base/article.cls
Document Class: article 2019/12/20 v1.4l Standard LaTeX document class
(/usr/share/texlive/texmf-dist/tex/latex/base/size12.clo
File: size12.clo 2019/12/20 v1.4l Standard LaTeX file (size option)
)
\c@part=\count167
\c@section=\count168
\c@subsection=\count169
\c@subsubsection=\count170
\c@paragraph=\count171
\c@subparagraph=\count172
\c@figure=\count173
\c@table=\count174
\abovecaptionskip=\skip47
\belowcaptionskip=\skip48
\bibindent=\dimen134
)
(/usr/share/texlive/texmf-dist/tex/latex/graphics/graphicx.sty
Package: graphicx 2019/11/30 v1.2a Enhanced LaTeX Graphics (DPC,SPQR)

(/usr/share/texlive/texmf-dist/tex/latex/graphics/keyval.sty
Package: keyval 2014/10/28 v1.15 key=value parser (DPC)
\KV@toks@=\toks14
)
(/usr/share/texlive/texmf-dist/tex/latex/graphics/graphics.sty
Package: graphics 2019/11/30 v1.4a Standard LaTeX Graphics (DPC,SPQR)

(/usr/share/texlive/texmf-dist/tex/latex/graphics/trig.sty
Package: trig 2016/01/03 v1.10 sin cos tan (DPC)
)
(/usr/share/texlive/texmf-dist/tex/latex/graphics-cfg/graphics.cfg
File: graphics.cfg 2016/06/04 v1.11 sample graphics configuration
)
Package graphics Info: Driver file: pdftex.def on input line 105.

(/usr/share/texlive/texmf-dist/tex/latex/graphics-def/pdftex.def
File: pdftex.def 2018/01/08 v1.0l Graphics/color driver for pdftex
))
\Gin@req@height=\dimen135
\Gin@req@width=\dimen136
)
(/usr/share/texlive/texmf-dist/tex/latex/float/float.sty
Package: float 2001/11/08 v1.3d Float enhancements (AL)
\c@float@type=\count175
\float@exts=\toks15
\float@box=\box45
\@float@everytoks=\toks16
\@floatcapt=\box46
)
(/usr/share/texlive/texmf-dist/tex/latex/listings/listings.sty
\lst@mode=\count176
\lst@gtempboxa=\box47
\lst@token=\toks17
\lst@length=\count177
\lst@currlwidth=\dimen137
\lst@column=\count178
\lst@pos=\count179
\lst@lostspace=\dimen138
\lst@width=\dimen139
\lst@newlines=\count180
\lst@lineno=\count181
\lst@maxwidth=\dimen140

(/usr/share/texlive/texmf-dist/tex/latex/listings/lstmisc.sty
File: lstmisc.sty 2019/09/10 1.8c (Carsten Heinz)
\c@lstnumber=\count182
\lst@skipnumbers=\count183
\lst@framebox=\box48
)
(/usr/share/texlive/texmf-dist/tex/latex/listings/listings.cfg
File: listings.cfg 2019/09/10 1.8c listings configuration
))
Package: listings 2019/09/10 1.8c (Carsten Heinz)

(/usr/share/texlive/texmf-dist/tex/latex/xcolor/xcolor.sty
Package: xcolor 2016/05/11 v2.12 LaTeX color extensions (UK)

(/usr/share/texlive/texmf-dist/tex/latex/graphics-cfg/color.cfg
File: color.cfg 2016/01/02 v1.6 sample color configuration
)
Package xcolor Info: Driver file: pdftex.def on input line 225.
Package xcolor Info: Model `cmy' substituted by `cmy0' on input line 1348.
Package xcolor Info: Model `hsb' substituted by `rgb' on input line 1352.
Package xcolor Info: Model `RGB' extended on input line 1364.
Package xcolor Info: Model `HTML' substituted by `rgb' on input line 1366.
Package xcolor Info: Model `Hsb' substituted by `hsb' on input line 1367.
Package xcolor Info: Model `tHsb' substituted by `hsb' on input line 1368.
Package xcolor Info: Model `HSB' substituted by `hsb' on input line 1369.
Package xcolor Info: Model `Gray' substituted by `gray' on input line 1370.
Package xcolor Info: Model `wave' substituted by `hsb' on input line 1371.
)
(/usr/share/texlive/texmf-dist/tex/latex/l3backend/l3backend-pdfmode.def
File: l3backend-pdfmode.def 2020-02-03 L3 backend support: PDF mode
\l__kernel_color_stack_int=\count184
\l__pdf_internal_box=\box49
)
(./main.aux)
\openout1 = `main.aux'.

LaTeX Font Info:    Checking defaults for OML/cmm/m/it on input line 59.
LaTeX Font Info:    ... okay on input line 59.
LaTeX Font Info:    Checking defaults for OMS/cmsy/m/n on input line 59.
LaTeX Font Info:    ... okay on input line 59.
LaTeX Font Info:    Checking defaults for OT1/cmr/m/n on input line 59.
LaTeX Font Info:    ... okay on input line 59.
LaTeX Font Info:    Checking defaults for T1/cmr/m/n on input line 59.
LaTeX Font Info:    ... okay on input line 59.
LaTeX Font Info:    Checking defaults for TS1/cmr/m/n on input line 59.
LaTeX Font Info:    ... okay on input line 59.
LaTeX Font Info:    Checking defaults for OMX/cmex/m/n on input line 59.
LaTeX Font Info:    ... okay on input line 59.
LaTeX Font Info:    Checking defaults for U/cmr/m/n on input line 59.
LaTeX Font Info:    ... okay on input line 59.
 (/usr/share/texlive/texmf-dist/tex/context/base/mkii/supp-pdf.mkii
[Loading MPS to PDF converter (version 2006.09.02).]
\scratchcounter=\count185
\scratchdimen=\dimen141
\scratchbox=\box50
\nofMPsegments=\count186
\nofMParguments=\count187
\everyMPshowfont=\toks18
\MPscratchCnt=\count188
\MPscratchDim=\dimen142
\MPnumerator=\count189
\makeMPintoPDFobject=\count190
\everyMPtoPDFconversion=\toks19
) (/usr/share/texlive/texmf-dist/tex/latex/epstopdf-pkg/epstopdf-base.sty
Package: epstopdf-base 2020-01-24 v2.11 Base part for package epstopdf
Package epstopdf-base Info: Redefining graphics rule for `.eps' on input line 4
85.

(/usr/share/texlive/texmf-dist/tex/latex/latexconfig/epstopdf-sys.cfg
File: epstopdf-sys.cfg 2010/07/13 v1.3 Configuration of (r)epstopdf for TeX Liv
e
))
\c@lstlisting=\count191
LaTeX Font Info:    External font `cmex10' loaded for size
(Font)              <14.4> on input line 62.
LaTeX Font Info:    External font `cmex10' loaded for size
(Font)              <7> on input line 62.
Package epstopdf Info: Source file: <./fig/lpf.eps>
(epstopdf)                    date: 2022-03-13 15:47:36
(epstopdf)                    size: 11054 bytes
(epstopdf)             Output file: <./fig/lpf-eps-converted-to.pdf>
(epstopdf)                    date: 2022-03-13 16:52:20
(epstopdf)                    size: 6740 bytes
(epstopdf)             Command: <repstopdf --outfile=./fig/lpf-eps-converted-to
.pdf ./fig/lpf.eps>
(epstopdf)             \includegraphics on input line 72.
Package epstopdf Info: Output file is already uptodate.
<./fig/lpf-eps-converted-to.pdf, id=1, 309.155pt x 208.78pt>
File: ./fig/lpf-eps-converted-to.pdf Graphic file (type pdf)
<use ./fig/lpf-eps-converted-to.pdf>
Package pdftex.def Info: ./fig/lpf-eps-converted-to.pdf  used on input line 72.

(pdftex.def)             Requested size: 614.295pt x 414.88611pt.

[1

{/var/lib/texmf/fonts/map/pdftex/updmap/pdftex.map}]
Package epstopdf Info: Source file: <./fig/hpf.eps>
(epstopdf)                    date: 2022-03-13 15:48:52
(epstopdf)                    size: 11055 bytes
(epstopdf)             Output file: <./fig/hpf-eps-converted-to.pdf>
(epstopdf)                    date: 2022-03-13 16:52:21
(epstopdf)                    size: 6729 bytes
(epstopdf)             Command: <repstopdf --outfile=./fig/hpf-eps-converted-to
.pdf ./fig/hpf.eps>
(epstopdf)             \includegraphics on input line 74.
Package epstopdf Info: Output file is already uptodate.
<./fig/hpf-eps-converted-to.pdf, id=10, 309.155pt x 185.69376pt>
File: ./fig/hpf-eps-converted-to.pdf Graphic file (type pdf)
<use ./fig/hpf-eps-converted-to.pdf>
Package pdftex.def Info: ./fig/hpf-eps-converted-to.pdf  used on input line 74.

(pdftex.def)             Requested size: 614.295pt x 369.00932pt.
 [2 <./fig/lpf-eps-converted-to.pdf>]
Package epstopdf Info: Source file: <./fig/Bpf.eps>
(epstopdf)                    date: 2022-03-13 16:01:04
(epstopdf)                    size: 11213 bytes
(epstopdf)             Output file: <./fig/Bpf-eps-converted-to.pdf>
(epstopdf)                    date: 2022-03-13 16:52:22
(epstopdf)                    size: 6755 bytes
(epstopdf)             Command: <repstopdf --outfile=./fig/Bpf-eps-converted-to
.pdf ./fig/Bpf.eps>
(epstopdf)             \includegraphics on input line 76.
Package epstopdf Info: Output file is already uptodate.
<./fig/Bpf-eps-converted-to.pdf, id=23, 309.155pt x 166.6225pt>
File: ./fig/Bpf-eps-converted-to.pdf Graphic file (type pdf)
<use ./fig/Bpf-eps-converted-to.pdf>
Package pdftex.def Info: ./fig/Bpf-eps-converted-to.pdf  used on input line 76.

(pdftex.def)             Requested size: 614.295pt x 331.11105pt.
 [3 <./fig/hpf-eps-converted-to.pdf>]
<./fig/LPF.png, id=36, 752.8125pt x 465.74pt>
File: ./fig/LPF.png Graphic file (type png)
<use ./fig/LPF.png>
Package pdftex.def Info: ./fig/LPF.png  used on input line 80.
(pdftex.def)             Requested size: 614.295pt x 380.06866pt.

Overfull \hbox (17.80827pt too wide) in paragraph at lines 80--85
\OT1/cmr/m/n/12 The-o-ret-i-cal Cut-off fre-quency=338.62Hz Ex-per-i-men-tal Cu
t-off fre-quency=375Hz
 []

[4 <./fig/Bpf-eps-converted-to.pdf>]
<./fig/Hpf.png, id=50, 602.25pt x 372.39125pt>
File: ./fig/Hpf.png Graphic file (type png)
<use ./fig/Hpf.png>
Package pdftex.def Info: ./fig/Hpf.png  used on input line 86.
(pdftex.def)             Requested size: 614.295pt x 379.87383pt.

Overfull \hbox (17.80827pt too wide) in paragraph at lines 86--91
\OT1/cmr/m/n/12 The-o-ret-i-cal Cut-off fre-quency=338.62Hz Ex-per-i-men-tal Cu
t-off fre-quency=400Hz
 []

[5 <./fig/LPF.png>]
<./fig/Bpf.png, id=55, 602.25pt x 372.39125pt>
File: ./fig/Bpf.png Graphic file (type png)
<use ./fig/Bpf.png>
Package pdftex.def Info: ./fig/Bpf.png  used on input line 92.
(pdftex.def)             Requested size: 614.295pt x 379.87383pt.
 [6 <./fig/Hpf.png>] [7 <./fig/Bpf.png>] (./main.aux) ) 
Here is how much of TeX's memory you used:
 3053 strings out of 481239
 42702 string characters out of 5920377
 282323 words of memory out of 5000000
 18335 multiletter control sequences out of 15000+600000
 534761 words of font info for 32 fonts, out of 8000000 for 9000
 1141 hyphenation exceptions out of 8191
 30i,6n,37p,202b,217s stack positions out of 5000i,500n,10000p,200000b,80000s
</usr/share/texlive/texm
f-dist/fonts/type1/public/amsfonts/cm/cmbx12.pfb></usr/share/texlive/texmf-dist
/fonts/type1/public/amsfonts/cm/cmr12.pfb></usr/share/texlive/texmf-dist/fonts/
type1/public/amsfonts/cm/cmr17.pfb>
Output written on main.pdf (7 pages, 87852 bytes).
PDF statistics:
 77 PDF objects out of 1000 (max. 8388607)
 49 compressed objects within 1 object stream
 0 named destinations out of 1000 (max. 500000)
 31 words of extra memory for PDF output out of 10000 (max. 10000000)

