This is pdfTeX, Version 3.14159265-2.6-1.40.20 (TeX Live 2019/Debian) (preloaded format=pdflatex 2022.1.29)  6 FEB 2022 22:36
entering extended mode
 restricted \write18 enabled.
 %&-line parsing enabled.
**main.tex
(./main.tex
LaTeX2e <2020-02-02> patch level 2
L3 programming layer <2020-02-14>
(/usr/share/texlive/texmf-dist/tex/latex/base/article.cls
Document Class: article 2019/12/20 v1.4l Standard LaTeX document class
(/usr/share/texlive/texmf-dist/tex/latex/base/size12.clo
File: size12.clo 2019/12/20 v1.4l Standard LaTeX file (size option)
)
\c@part=\count167
\c@section=\count168
\c@subsection=\count169
\c@subsubsection=\count170
\c@paragraph=\count171
\c@subparagraph=\count172
\c@figure=\count173
\c@table=\count174
\abovecaptionskip=\skip47
\belowcaptionskip=\skip48
\bibindent=\dimen134
)
(/usr/share/texlive/texmf-dist/tex/latex/graphics/graphicx.sty
Package: graphicx 2019/11/30 v1.2a Enhanced LaTeX Graphics (DPC,SPQR)

(/usr/share/texlive/texmf-dist/tex/latex/graphics/keyval.sty
Package: keyval 2014/10/28 v1.15 key=value parser (DPC)
\KV@toks@=\toks14
)
(/usr/share/texlive/texmf-dist/tex/latex/graphics/graphics.sty
Package: graphics 2019/11/30 v1.4a Standard LaTeX Graphics (DPC,SPQR)

(/usr/share/texlive/texmf-dist/tex/latex/graphics/trig.sty
Package: trig 2016/01/03 v1.10 sin cos tan (DPC)
)
(/usr/share/texlive/texmf-dist/tex/latex/graphics-cfg/graphics.cfg
File: graphics.cfg 2016/06/04 v1.11 sample graphics configuration
)
Package graphics Info: Driver file: pdftex.def on input line 105.

(/usr/share/texlive/texmf-dist/tex/latex/graphics-def/pdftex.def
File: pdftex.def 2018/01/08 v1.0l Graphics/color driver for pdftex
))
\Gin@req@height=\dimen135
\Gin@req@width=\dimen136
)
(/usr/share/texlive/texmf-dist/tex/latex/float/float.sty
Package: float 2001/11/08 v1.3d Float enhancements (AL)
\c@float@type=\count175
\float@exts=\toks15
\float@box=\box45
\@float@everytoks=\toks16
\@floatcapt=\box46
)
(/usr/share/texlive/texmf-dist/tex/latex/listings/listings.sty
\lst@mode=\count176
\lst@gtempboxa=\box47
\lst@token=\toks17
\lst@length=\count177
\lst@currlwidth=\dimen137
\lst@column=\count178
\lst@pos=\count179
\lst@lostspace=\dimen138
\lst@width=\dimen139
\lst@newlines=\count180
\lst@lineno=\count181
\lst@maxwidth=\dimen140

(/usr/share/texlive/texmf-dist/tex/latex/listings/lstmisc.sty
File: lstmisc.sty 2019/09/10 1.8c (Carsten Heinz)
\c@lstnumber=\count182
\lst@skipnumbers=\count183
\lst@framebox=\box48
)
(/usr/share/texlive/texmf-dist/tex/latex/listings/listings.cfg
File: listings.cfg 2019/09/10 1.8c listings configuration
))
Package: listings 2019/09/10 1.8c (Carsten Heinz)

(/usr/share/texlive/texmf-dist/tex/latex/xcolor/xcolor.sty
Package: xcolor 2016/05/11 v2.12 LaTeX color extensions (UK)

(/usr/share/texlive/texmf-dist/tex/latex/graphics-cfg/color.cfg
File: color.cfg 2016/01/02 v1.6 sample color configuration
)
Package xcolor Info: Driver file: pdftex.def on input line 225.
Package xcolor Info: Model `cmy' substituted by `cmy0' on input line 1348.
Package xcolor Info: Model `hsb' substituted by `rgb' on input line 1352.
Package xcolor Info: Model `RGB' extended on input line 1364.
Package xcolor Info: Model `HTML' substituted by `rgb' on input line 1366.
Package xcolor Info: Model `Hsb' substituted by `hsb' on input line 1367.
Package xcolor Info: Model `tHsb' substituted by `hsb' on input line 1368.
Package xcolor Info: Model `HSB' substituted by `hsb' on input line 1369.
Package xcolor Info: Model `Gray' substituted by `gray' on input line 1370.
Package xcolor Info: Model `wave' substituted by `hsb' on input line 1371.
)
(/usr/share/texlive/texmf-dist/tex/latex/l3backend/l3backend-pdfmode.def
File: l3backend-pdfmode.def 2020-02-03 L3 backend support: PDF mode
\l__kernel_color_stack_int=\count184
\l__pdf_internal_box=\box49
)
(./main.aux)
Runaway argument?
{\^^M
! File ended while scanning use of \@writefile.
<inserted text> 
                \par 
l.59 \begin{document}
                     
? 
\openout1 = `main.aux'.

LaTeX Font Info:    Checking defaults for OML/cmm/m/it on input line 59.
LaTeX Font Info:    ... okay on input line 59.
LaTeX Font Info:    Checking defaults for OMS/cmsy/m/n on input line 59.
LaTeX Font Info:    ... okay on input line 59.
LaTeX Font Info:    Checking defaults for OT1/cmr/m/n on input line 59.
LaTeX Font Info:    ... okay on input line 59.
LaTeX Font Info:    Checking defaults for T1/cmr/m/n on input line 59.
LaTeX Font Info:    ... okay on input line 59.
LaTeX Font Info:    Checking defaults for TS1/cmr/m/n on input line 59.
LaTeX Font Info:    ... okay on input line 59.
LaTeX Font Info:    Checking defaults for OMX/cmex/m/n on input line 59.
LaTeX Font Info:    ... okay on input line 59.
LaTeX Font Info:    Checking defaults for U/cmr/m/n on input line 59.
LaTeX Font Info:    ... okay on input line 59.
(/usr/share/texlive/texmf-dist/tex/context/base/mkii/supp-pdf.mkii
[Loading MPS to PDF converter (version 2006.09.02).]
\scratchcounter=\count185
\scratchdimen=\dimen141
\scratchbox=\box50
\nofMPsegments=\count186
\nofMParguments=\count187
\everyMPshowfont=\toks18
\MPscratchCnt=\count188
\MPscratchDim=\dimen142
\MPnumerator=\count189
\makeMPintoPDFobject=\count190
\everyMPtoPDFconversion=\toks19
) (/usr/share/texlive/texmf-dist/tex/latex/epstopdf-pkg/epstopdf-base.sty
Package: epstopdf-base 2020-01-24 v2.11 Base part for package epstopdf
Package epstopdf-base Info: Redefining graphics rule for `.eps' on input line 4
85.

(/usr/share/texlive/texmf-dist/tex/latex/latexconfig/epstopdf-sys.cfg
File: epstopdf-sys.cfg 2010/07/13 v1.3 Configuration of (r)epstopdf for TeX Liv
e
))
\c@lstlisting=\count191
LaTeX Font Info:    External font `cmex10' loaded for size
(Font)              <14.4> on input line 62.
LaTeX Font Info:    External font `cmex10' loaded for size
(Font)              <7> on input line 62.
Package epstopdf Info: Source file: <./fig/Schimdttrigger.eps>
(epstopdf)                    date: 2022-02-06 22:03:54
(epstopdf)                    size: 10882 bytes
(epstopdf)             Output file: <./fig/Schimdttrigger-eps-converted-to.pdf>

(epstopdf)                    date: 2022-02-06 22:19:22
(epstopdf)                    size: 5925 bytes
(epstopdf)             Command: <repstopdf --outfile=./fig/Schimdttrigger-eps-c
onverted-to.pdf ./fig/Schimdttrigger.eps>
(epstopdf)             \includegraphics on input line 81.
Package epstopdf Info: Output file is already uptodate.
<./fig/Schimdttrigger-eps-converted-to.pdf, id=1, 234.8775pt x 155.58125pt>
File: ./fig/Schimdttrigger-eps-converted-to.pdf Graphic file (type pdf)
<use ./fig/Schimdttrigger-eps-converted-to.pdf>
Package pdftex.def Info: ./fig/Schimdttrigger-eps-converted-to.pdf  used on inp
ut line 81.
(pdftex.def)             Requested size: 234.87692pt x 155.58086pt.

[1

{/var/lib/texmf/fonts/map/pdftex/updmap/pdftex.map}]
Package epstopdf Info: Source file: <./fig/Astable_Multivibrator.eps>
(epstopdf)                    date: 2022-02-06 22:07:10
(epstopdf)                    size: 11665 bytes
(epstopdf)             Output file: <./fig/Astable_Multivibrator-eps-converted-
to.pdf>
(epstopdf)                    date: 2022-02-06 22:20:41
(epstopdf)                    size: 6285 bytes
(epstopdf)             Command: <repstopdf --outfile=./fig/Astable_Multivibrato
r-eps-converted-to.pdf ./fig/Astable_Multivibrator.eps>
(epstopdf)             \includegraphics on input line 88.
Package epstopdf Info: Output file is already uptodate.
<./fig/Astable_Multivibrator-eps-converted-to.pdf, id=10, 246.9225pt x 179.6712
5pt>
File: ./fig/Astable_Multivibrator-eps-converted-to.pdf Graphic file (type pdf)
<use ./fig/Astable_Multivibrator-eps-converted-to.pdf>
Package pdftex.def Info: ./fig/Astable_Multivibrator-eps-converted-to.pdf  used
 on input line 88.
(pdftex.def)             Requested size: 246.92188pt x 179.67079pt.
Package epstopdf Info: Source file: <./fig/Monostable_Multivibrator.eps>
(epstopdf)                    date: 2022-02-06 22:13:03
(epstopdf)                    size: 12498 bytes
(epstopdf)             Output file: <./fig/Monostable_Multivibrator-eps-convert
ed-to.pdf>
(epstopdf)                    date: 2022-02-06 22:20:41
(epstopdf)                    size: 6744 bytes
(epstopdf)             Command: <repstopdf --outfile=./fig/Monostable_Multivibr
ator-eps-converted-to.pdf ./fig/Monostable_Multivibrator.eps>
(epstopdf)             \includegraphics on input line 95.
Package epstopdf Info: Output file is already uptodate.
<./fig/Monostable_Multivibrator-eps-converted-to.pdf, id=11, 266.9975pt x 208.7
8pt>
File: ./fig/Monostable_Multivibrator-eps-converted-to.pdf Graphic file (type pd
f)
<use ./fig/Monostable_Multivibrator-eps-converted-to.pdf>
Package pdftex.def Info: ./fig/Monostable_Multivibrator-eps-converted-to.pdf  u
sed on input line 95.
(pdftex.def)             Requested size: 266.99683pt x 208.77946pt.
 [2 <./fig/Schimdttrigger-eps-converted-to.pdf> <./fig/Astable_Multivibrator-ep
s-converted-to.pdf>]
(../Schmitt_trigger.cir [3 <./fig/Monostable_Multivibrator-eps-converted-to.pdf
>]
LaTeX Font Info:    Font shape `OT1/cmtt/bx/n' in size <10> not available
(Font)              Font shape `OT1/cmtt/m/n' tried instead on input line 22.
) (../Astable_Multivibrator-1.cir [4]) (../Monostable_Multivibrator.cir
[5])
<./fig/Schimdt-Trigger-with-Va=0.png, id=54, 462.528pt x 346.896pt>
File: ./fig/Schimdt-Trigger-with-Va=0.png Graphic file (type png)
<use ./fig/Schimdt-Trigger-with-Va=0.png>
Package pdftex.def Info: ./fig/Schimdt-Trigger-with-Va=0.png  used on input lin
e 119.
(pdftex.def)             Requested size: 491.43787pt x 368.59726pt.
 [6]
<./fig/Schimdt-Trigger-with-Va=3v.png, id=59, 462.528pt x 346.896pt>
File: ./fig/Schimdt-Trigger-with-Va=3v.png Graphic file (type png)
<use ./fig/Schimdt-Trigger-with-Va=3v.png>
Package pdftex.def Info: ./fig/Schimdt-Trigger-with-Va=3v.png  used on input li
ne 125.
(pdftex.def)             Requested size: 491.43787pt x 368.59726pt.
 [7 <./fig/Schimdt-Trigger-with-Va=0.png>]
<./fig/Schimdt-Trigger-with-Va=-3v.png, id=65, 462.528pt x 346.896pt>
File: ./fig/Schimdt-Trigger-with-Va=-3v.png Graphic file (type png)
<use ./fig/Schimdt-Trigger-with-Va=-3v.png>
Package pdftex.def Info: ./fig/Schimdt-Trigger-with-Va=-3v.png  used on input l
ine 131.
(pdftex.def)             Requested size: 491.43787pt x 368.59726pt.
 [8 <./fig/Schimdt-Trigger-with-Va=3v.png>]
<./fig/Astable-Multivibrator-without-R-and-Diodes-D1-and-D2.png, id=70, 462.528
pt x 346.896pt>
File: ./fig/Astable-Multivibrator-without-R-and-Diodes-D1-and-D2.png Graphic fi
le (type png)
<use ./fig/Astable-Multivibrator-without-R-and-Diodes-D1-and-D2.png>
Package pdftex.def Info: ./fig/Astable-Multivibrator-without-R-and-Diodes-D1-an
d-D2.png  used on input line 138.
(pdftex.def)             Requested size: 491.43787pt x 368.59726pt.
 [9 <./fig/Schimdt-Trigger-with-Va=-3v.png>]
<./fig/Astable-Multivibrator-with-R-and-Diodes-D1-and-D2.png, id=75, 462.528pt 
x 346.896pt>
File: ./fig/Astable-Multivibrator-with-R-and-Diodes-D1-and-D2.png Graphic file 
(type png)
<use ./fig/Astable-Multivibrator-with-R-and-Diodes-D1-and-D2.png>
Package pdftex.def Info: ./fig/Astable-Multivibrator-with-R-and-Diodes-D1-and-D
2.png  used on input line 144.
(pdftex.def)             Requested size: 491.43787pt x 368.59726pt.
 [10 <./fig/Astable-Multivibrator-without-R-and-Diodes-D1-and-D2.png>]
<./fig/Monostable-Multivibrator-with-V-.png, id=80, 462.528pt x 346.896pt>
File: ./fig/Monostable-Multivibrator-with-V-.png Graphic file (type png)
<use ./fig/Monostable-Multivibrator-with-V-.png>
Package pdftex.def Info: ./fig/Monostable-Multivibrator-with-V-.png  used on in
put line 151.
(pdftex.def)             Requested size: 491.43787pt x 368.59726pt.
 [11 <./fig/Astable-Multivibrator-with-R-and-Diodes-D1-and-D2.png>] [12 <./fig/
Monostable-Multivibrator-with-V-.png>] (./main.aux) ) 
Here is how much of TeX's memory you used:
 3486 strings out of 481239
 47956 string characters out of 5920377
 372329 words of memory out of 5000000
 18751 multiletter control sequences out of 15000+600000
 535706 words of font info for 36 fonts, out of 8000000 for 9000
 1141 hyphenation exceptions out of 8191
 30i,8n,42p,206b,1803s stack positions out of 5000i,500n,10000p,200000b,80000s
</usr/share/texlive/texmf-
dist/fonts/type1/public/amsfonts/cm/cmbx12.pfb></usr/share/texlive/texmf-dist/f
onts/type1/public/amsfonts/cm/cmr12.pfb></usr/share/texlive/texmf-dist/fonts/ty
pe1/public/amsfonts/cm/cmr17.pfb></usr/share/texlive/texmf-dist/fonts/type1/pub
lic/amsfonts/cm/cmr6.pfb></usr/share/texlive/texmf-dist/fonts/type1/public/amsf
onts/cm/cmtt10.pfb>
Output written on main.pdf (12 pages, 376504 bytes).
PDF statistics:
 107 PDF objects out of 1000 (max. 8388607)
 66 compressed objects within 1 object stream
 0 named destinations out of 1000 (max. 500000)
 46 words of extra memory for PDF output out of 10000 (max. 10000000)

