This is pdfTeX, Version 3.14159265-2.6-1.40.20 (TeX Live 2019/Debian) (preloaded format=pdflatex 2022.1.6)  14 JAN 2022 20:25
entering extended mode
 restricted \write18 enabled.
 %&-line parsing enabled.
**main.tex
(./main.tex
LaTeX2e <2020-02-02> patch level 2
L3 programming layer <2020-02-14>
(/usr/share/texlive/texmf-dist/tex/latex/base/article.cls
Document Class: article 2019/12/20 v1.4l Standard LaTeX document class
(/usr/share/texlive/texmf-dist/tex/latex/base/size12.clo
File: size12.clo 2019/12/20 v1.4l Standard LaTeX file (size option)
)
\c@part=\count167
\c@section=\count168
\c@subsection=\count169
\c@subsubsection=\count170
\c@paragraph=\count171
\c@subparagraph=\count172
\c@figure=\count173
\c@table=\count174
\abovecaptionskip=\skip47
\belowcaptionskip=\skip48
\bibindent=\dimen134
)
(/usr/share/texlive/texmf-dist/tex/latex/graphics/graphicx.sty
Package: graphicx 2019/11/30 v1.2a Enhanced LaTeX Graphics (DPC,SPQR)

(/usr/share/texlive/texmf-dist/tex/latex/graphics/keyval.sty
Package: keyval 2014/10/28 v1.15 key=value parser (DPC)
\KV@toks@=\toks14
)
(/usr/share/texlive/texmf-dist/tex/latex/graphics/graphics.sty
Package: graphics 2019/11/30 v1.4a Standard LaTeX Graphics (DPC,SPQR)

(/usr/share/texlive/texmf-dist/tex/latex/graphics/trig.sty
Package: trig 2016/01/03 v1.10 sin cos tan (DPC)
)
(/usr/share/texlive/texmf-dist/tex/latex/graphics-cfg/graphics.cfg
File: graphics.cfg 2016/06/04 v1.11 sample graphics configuration
)
Package graphics Info: Driver file: pdftex.def on input line 105.

(/usr/share/texlive/texmf-dist/tex/latex/graphics-def/pdftex.def
File: pdftex.def 2018/01/08 v1.0l Graphics/color driver for pdftex
))
\Gin@req@height=\dimen135
\Gin@req@width=\dimen136
)
(/usr/share/texlive/texmf-dist/tex/latex/listings/listings.sty
\lst@mode=\count175
\lst@gtempboxa=\box45
\lst@token=\toks15
\lst@length=\count176
\lst@currlwidth=\dimen137
\lst@column=\count177
\lst@pos=\count178
\lst@lostspace=\dimen138
\lst@width=\dimen139
\lst@newlines=\count179
\lst@lineno=\count180
\lst@maxwidth=\dimen140

(/usr/share/texlive/texmf-dist/tex/latex/listings/lstmisc.sty
File: lstmisc.sty 2019/09/10 1.8c (Carsten Heinz)
\c@lstnumber=\count181
\lst@skipnumbers=\count182
\lst@framebox=\box46
)
(/usr/share/texlive/texmf-dist/tex/latex/listings/listings.cfg
File: listings.cfg 2019/09/10 1.8c listings configuration
))
Package: listings 2019/09/10 1.8c (Carsten Heinz)

(/usr/share/texlive/texmf-dist/tex/latex/xcolor/xcolor.sty
Package: xcolor 2016/05/11 v2.12 LaTeX color extensions (UK)

(/usr/share/texlive/texmf-dist/tex/latex/graphics-cfg/color.cfg
File: color.cfg 2016/01/02 v1.6 sample color configuration
)
Package xcolor Info: Driver file: pdftex.def on input line 225.
Package xcolor Info: Model `cmy' substituted by `cmy0' on input line 1348.
Package xcolor Info: Model `hsb' substituted by `rgb' on input line 1352.
Package xcolor Info: Model `RGB' extended on input line 1364.
Package xcolor Info: Model `HTML' substituted by `rgb' on input line 1366.
Package xcolor Info: Model `Hsb' substituted by `hsb' on input line 1367.
Package xcolor Info: Model `tHsb' substituted by `hsb' on input line 1368.
Package xcolor Info: Model `HSB' substituted by `hsb' on input line 1369.
Package xcolor Info: Model `Gray' substituted by `gray' on input line 1370.
Package xcolor Info: Model `wave' substituted by `hsb' on input line 1371.
)
(/usr/share/texlive/texmf-dist/tex/latex/l3backend/l3backend-pdfmode.def
File: l3backend-pdfmode.def 2020-02-03 L3 backend support: PDF mode
\l__kernel_color_stack_int=\count183
\l__pdf_internal_box=\box47
)
(./main.aux)
\openout1 = `main.aux'.

LaTeX Font Info:    Checking defaults for OML/cmm/m/it on input line 56.
LaTeX Font Info:    ... okay on input line 56.
LaTeX Font Info:    Checking defaults for OMS/cmsy/m/n on input line 56.
LaTeX Font Info:    ... okay on input line 56.
LaTeX Font Info:    Checking defaults for OT1/cmr/m/n on input line 56.
LaTeX Font Info:    ... okay on input line 56.
LaTeX Font Info:    Checking defaults for T1/cmr/m/n on input line 56.
LaTeX Font Info:    ... okay on input line 56.
LaTeX Font Info:    Checking defaults for TS1/cmr/m/n on input line 56.
LaTeX Font Info:    ... okay on input line 56.
LaTeX Font Info:    Checking defaults for OMX/cmex/m/n on input line 56.
LaTeX Font Info:    ... okay on input line 56.
LaTeX Font Info:    Checking defaults for U/cmr/m/n on input line 56.
LaTeX Font Info:    ... okay on input line 56.
 (/usr/share/texlive/texmf-dist/tex/context/base/mkii/supp-pdf.mkii
[Loading MPS to PDF converter (version 2006.09.02).]
\scratchcounter=\count184
\scratchdimen=\dimen141
\scratchbox=\box48
\nofMPsegments=\count185
\nofMParguments=\count186
\everyMPshowfont=\toks16
\MPscratchCnt=\count187
\MPscratchDim=\dimen142
\MPnumerator=\count188
\makeMPintoPDFobject=\count189
\everyMPtoPDFconversion=\toks17
) (/usr/share/texlive/texmf-dist/tex/latex/epstopdf-pkg/epstopdf-base.sty
Package: epstopdf-base 2020-01-24 v2.11 Base part for package epstopdf
Package epstopdf-base Info: Redefining graphics rule for `.eps' on input line 4
85.

(/usr/share/texlive/texmf-dist/tex/latex/latexconfig/epstopdf-sys.cfg
File: epstopdf-sys.cfg 2010/07/13 v1.3 Configuration of (r)epstopdf for TeX Liv
e
))
\c@lstlisting=\count190
LaTeX Font Info:    External font `cmex10' loaded for size
(Font)              <14.4> on input line 59.
LaTeX Font Info:    External font `cmex10' loaded for size
(Font)              <7> on input line 59.

(./RC_Integrator.tex
Package epstopdf Info: Source file: <RC_Integrator.eps>
(epstopdf)                    date: 2022-01-13 21:11:25
(epstopdf)                    size: 741 bytes
(epstopdf)             Output file: <RC_Integrator-eps-converted-to.pdf>
(epstopdf)                    date: 2022-01-13 21:11:31
(epstopdf)                    size: 3207 bytes
(epstopdf)             Command: <repstopdf --outfile=RC_Integrator-eps-converte
d-to.pdf RC_Integrator.eps>
(epstopdf)             \includegraphics on input line 8.
Package epstopdf Info: Output file is already uptodate.
<RC_Integrator-eps-converted-to.pdf, id=1, 167.62625pt x 74.2775pt>
File: RC_Integrator-eps-converted-to.pdf Graphic file (type pdf)
<use RC_Integrator-eps-converted-to.pdf>
Package pdftex.def Info: RC_Integrator-eps-converted-to.pdf  used on input line
 8.
(pdftex.def)             Requested size: 167.62582pt x 74.27731pt.
 [1

{/var/lib/texmf/fonts/map/pdftex/updmap/pdftex.map}]
LaTeX Font Info:    External font `cmex10' loaded for size
(Font)              <12> on input line 10.
LaTeX Font Info:    External font `cmex10' loaded for size
(Font)              <8> on input line 10.
LaTeX Font Info:    External font `cmex10' loaded for size
(Font)              <6> on input line 10.
)
(../RC_Integrator.cir
LaTeX Font Info:    Trying to load font information for TS1+cmtt on input line 
8.
 (/usr/share/texlive/texmf-dist/tex/latex/base/ts1cmtt.fd
File: ts1cmtt.fd 2019/12/16 v2.5j Standard LaTeX font definitions
)) [2 <./RC_Integrator-eps-converted-to.pdf>]
<RC_Integrator_1.png, id=20, 1387.584pt x 694.5147pt>
File: RC_Integrator_1.png Graphic file (type png)
<use RC_Integrator_1.png>
Package pdftex.def Info: RC_Integrator_1.png  used on input line 89.
(pdftex.def)             Requested size: 614.295pt x 307.46315pt.
<RC_Integrator_2.png, id=22, 1387.584pt x 694.5147pt>
File: RC_Integrator_2.png Graphic file (type png)
<use RC_Integrator_2.png>
Package pdftex.def Info: RC_Integrator_2.png  used on input line 90.
(pdftex.def)             Requested size: 614.295pt x 307.46315pt.
<RC_Integrator_3.png, id=23, 1387.584pt x 694.5147pt>
File: RC_Integrator_3.png Graphic file (type png)
<use RC_Integrator_3.png>
Package pdftex.def Info: RC_Integrator_3.png  used on input line 91.
(pdftex.def)             Requested size: 614.295pt x 307.46315pt.
<RC_Integrator_4.png, id=24, 462.528pt x 346.896pt>
File: RC_Integrator_4.png Graphic file (type png)
<use RC_Integrator_4.png>
Package pdftex.def Info: RC_Integrator_4.png  used on input line 92.
(pdftex.def)             Requested size: 614.295pt x 460.74657pt.
<RC_Integrator_5.png, id=25, 1387.584pt x 694.5147pt>
File: RC_Integrator_5.png Graphic file (type png)
<use RC_Integrator_5.png>
Package pdftex.def Info: RC_Integrator_5.png  used on input line 93.
(pdftex.def)             Requested size: 614.295pt x 307.46315pt.
<RC_Integrator_6.png, id=26, 1387.584pt x 694.5147pt>
File: RC_Integrator_6.png Graphic file (type png)
<use RC_Integrator_6.png>
Package pdftex.def Info: RC_Integrator_6.png  used on input line 94.
(pdftex.def)             Requested size: 614.295pt x 307.46315pt.
 [3]
Overfull \vbox (88.1763pt too high) has occurred while \output is active []


[4 <./RC_Integrator_1.png> <./RC_Integrator_2.png>] [5 <./RC_Integrator_3.png>]
[6 <./RC_Integrator_4.png>] [7 <./RC_Integrator_5.png>]
(../RC_Differentiator.cir [8 <./RC_Integrator_6.png>])
<RC_Differentiator_1.png, id=52, 1387.584pt x 694.5147pt>
File: RC_Differentiator_1.png Graphic file (type png)
<use RC_Differentiator_1.png>
Package pdftex.def Info: RC_Differentiator_1.png  used on input line 100.
(pdftex.def)             Requested size: 614.295pt x 307.46315pt.
<RC_Differentiator_2.png, id=53, 462.528pt x 346.896pt>
File: RC_Differentiator_2.png Graphic file (type png)
<use RC_Differentiator_2.png>
Package pdftex.def Info: RC_Differentiator_2.png  used on input line 101.
(pdftex.def)             Requested size: 614.295pt x 460.74657pt.
<RC_Differentiator_3.png, id=54, 1387.584pt x 694.5147pt>
File: RC_Differentiator_3.png Graphic file (type png)
<use RC_Differentiator_3.png>
Package pdftex.def Info: RC_Differentiator_3.png  used on input line 102.
(pdftex.def)             Requested size: 614.295pt x 307.46315pt.
<RC_Differentiator_4.png, id=55, 462.528pt x 346.896pt>
File: RC_Differentiator_4.png Graphic file (type png)
<use RC_Differentiator_4.png>
Package pdftex.def Info: RC_Differentiator_4.png  used on input line 103.
(pdftex.def)             Requested size: 614.295pt x 460.74657pt.
<RC_Differentiator_5.png, id=56, 1387.584pt x 694.5147pt>
File: RC_Differentiator_5.png Graphic file (type png)
<use RC_Differentiator_5.png>
Package pdftex.def Info: RC_Differentiator_5.png  used on input line 104.
(pdftex.def)             Requested size: 614.295pt x 307.46315pt.
<RC_Differentiator_6.png, id=57, 1387.584pt x 694.5147pt>
File: RC_Differentiator_6.png Graphic file (type png)
<use RC_Differentiator_6.png>
Package pdftex.def Info: RC_Differentiator_6.png  used on input line 105.
(pdftex.def)             Requested size: 614.295pt x 307.46315pt.
 [9]
Overfull \vbox (241.45972pt too high) has occurred while \output is active []


[10 <./RC_Differentiator_1.png> <./RC_Differentiator_2.png>] [11 <./RC_Differen
tiator_3.png>] [12 <./RC_Differentiator_4.png>] [13 <./RC_Differentiator_5.png>
] (../RC_Lowpass_Filter.cir [14 <./RC_Differentiator_6.png>])
<RC_Lowpass_Filter.png, id=83, 462.528pt x 346.896pt>
File: RC_Lowpass_Filter.png Graphic file (type png)
<use RC_Lowpass_Filter.png>
Package pdftex.def Info: RC_Lowpass_Filter.png  used on input line 111.
(pdftex.def)             Requested size: 614.295pt x 460.74657pt.
 [15]
(../RC_Highpass_Filter.cir [16 <./RC_Lowpass_Filter.png>])
<RC_Highpass_Filter.png, id=91, 462.528pt x 346.896pt>
File: RC_Highpass_Filter.png Graphic file (type png)
<use RC_Highpass_Filter.png>
Package pdftex.def Info: RC_Highpass_Filter.png  used on input line 117.
(pdftex.def)             Requested size: 614.295pt x 460.74657pt.
 [17]
(../RC_Bandpass_Filter.cir [18 <./RC_Highpass_Filter.png>])
<RC_Bandpass_Filter.png, id=99, 1387.584pt x 694.5147pt>
File: RC_Bandpass_Filter.png Graphic file (type png)
<use RC_Bandpass_Filter.png>
Package pdftex.def Info: RC_Bandpass_Filter.png  used on input line 123.
(pdftex.def)             Requested size: 614.295pt x 307.46315pt.
 [19]
(../RLC_Bandpass_Filter.cir [20 <./RC_Bandpass_Filter.png>])
<RLC_Bandpass_FiIter.png, id=108, 462.528pt x 346.896pt>
File: RLC_Bandpass_FiIter.png Graphic file (type png)
<use RLC_Bandpass_FiIter.png>
Package pdftex.def Info: RLC_Bandpass_FiIter.png  used on input line 129.
(pdftex.def)             Requested size: 614.295pt x 460.74657pt.
 [21] [22 <./RLC_Bandpass_FiIter.png>] [23] (./main.aux) ) 
Here is how much of TeX's memory you used:
 3476 strings out of 481239
 47912 string characters out of 5920378
 351799 words of memory out of 5000000
 18720 multiletter control sequences out of 15000+600000
 538477 words of font info for 45 fonts, out of 8000000 for 9000
 1141 hyphenation exceptions out of 8191
 30i,6n,42p,231b,1593s stack positions out of 5000i,500n,10000p,200000b,80000s
{/usr/share/texmf/fon
ts/enc/dvips/cm-super/cm-super-ts1.enc}</usr/share/texlive/texmf-dist/fonts/typ
e1/public/amsfonts/cm/cmbx12.pfb></usr/share/texlive/texmf-dist/fonts/type1/pub
lic/amsfonts/cm/cmmi12.pfb></usr/share/texlive/texmf-dist/fonts/type1/public/am
sfonts/cm/cmr12.pfb></usr/share/texlive/texmf-dist/fonts/type1/public/amsfonts/
cm/cmr17.pfb></usr/share/texlive/texmf-dist/fonts/type1/public/amsfonts/cm/cmr6
.pfb></usr/share/texlive/texmf-dist/fonts/type1/public/amsfonts/cm/cmtt10.pfb><
/usr/share/texmf/fonts/type1/public/cm-super/sfrm1200.pfb></usr/share/texmf/fon
ts/type1/public/cm-super/sftt1000.pfb>
Output written on main.pdf (23 pages, 1869533 bytes).
PDF statistics:
 147 PDF objects out of 1000 (max. 8388607)
 80 compressed objects within 1 object stream
 0 named destinations out of 1000 (max. 500000)
 86 words of extra memory for PDF output out of 10000 (max. 10000000)

